kotlin version: 2.2.21
error message: java.lang.RuntimeException: Exception while generating code for:
FUN name:RegisterCarScreen visibility:public modality:FINAL returnType:kotlin.Unit
  VALUE_PARAMETER kind:Regular name:modifier index:0 type:androidx.compose.ui.Modifier
    EXPRESSION_BODY
      ERROR_EXPR 'Default Stub' type=androidx.compose.ui.Modifier
  VALUE_PARAMETER kind:Regular name:viewModel index:1 type:com.fsa_profgroep_4.vroomly.ui.screens.car.register.RegisterCarViewModel.kt
  annotations:
    Composable
  BLOCK_BODY
    RETURN type=kotlin.Nothing from='public final fun RegisterCarScreen (modifier: androidx.compose.ui.Modifier, viewModel: com.fsa_profgroep_4.vroomly.ui.screens.car.register.RegisterCarViewModel.kt): kotlin.Unit declared in com.fsa_profgroep_4.vroomly.ui.screens.car.register.RegisterCarScreenKt'
      ERROR_EXPR 'skipBodies' type=kotlin.Nothing

	at org.jetbrains.kotlin.backend.jvm.codegen.FunctionCodegen.generate(FunctionCodegen.kt:53)
	at org.jetbrains.kotlin.backend.jvm.codegen.FunctionCodegen.generate$default(FunctionCodegen.kt:46)
	at org.jetbrains.kotlin.backend.jvm.codegen.ClassCodegen.generateMethodNode(ClassCodegen.kt:422)
	at org.jetbrains.kotlin.backend.jvm.codegen.ClassCodegen.generateMethod(ClassCodegen.kt:439)
	at org.jetbrains.kotlin.backend.jvm.codegen.ClassCodegen.generate(ClassCodegen.kt:164)
	at org.jetbrains.kotlin.backend.jvm.JvmIrCodegenFactory.generateFile(JvmIrCodegenFactory.kt:446)
	at org.jetbrains.kotlin.backend.jvm.JvmIrCodegenFactory.invokeCodegen(JvmIrCodegenFactory.kt:413)
	at org.jetbrains.kotlin.cli.jvm.compiler.KotlinToJVMBytecodeCompiler.runCodegen$cli(KotlinToJVMBytecodeCompiler.kt:425)
	at org.jetbrains.kotlin.cli.pipeline.jvm.JvmBackendPipelinePhase.executePhase(JvmBackendPipelinePhase.kt:89)
	at org.jetbrains.kotlin.kapt.FirKaptAnalysisHandlerExtension.contextForStubGeneration(FirKaptAnalysisHandlerExtension.kt:196)
	at org.jetbrains.kotlin.kapt.FirKaptAnalysisHandlerExtension.doAnalysis(FirKaptAnalysisHandlerExtension.kt:99)
	at org.jetbrains.kotlin.fir.extensions.FirAnalysisHandlerExtension$Companion.analyze(FirAnalysisHandlerExtension.kt:29)
	at org.jetbrains.kotlin.cli.pipeline.jvm.JvmFrontendPipelinePhase.executePhase(JvmFrontendPipelinePhase.kt:75)
	at org.jetbrains.kotlin.cli.pipeline.jvm.JvmFrontendPipelinePhase.executePhase(JvmFrontendPipelinePhase.kt:47)
	at org.jetbrains.kotlin.cli.pipeline.PipelinePhase.phaseBody(PipelinePhase.kt:68)
	at org.jetbrains.kotlin.cli.pipeline.PipelinePhase.phaseBody(PipelinePhase.kt:58)
	at org.jetbrains.kotlin.config.phaser.NamedCompilerPhase.invoke(CompilerPhase.kt:102)
	at org.jetbrains.kotlin.backend.common.phaser.CompositePhase.invoke(PhaseBuilders.kt:22)
	at org.jetbrains.kotlin.config.phaser.CompilerPhaseKt.invokeToplevel(CompilerPhase.kt:53)
	at org.jetbrains.kotlin.cli.pipeline.AbstractCliPipeline.runPhasedPipeline(AbstractCliPipeline.kt:109)
	at org.jetbrains.kotlin.cli.pipeline.AbstractCliPipeline.execute(AbstractCliPipeline.kt:68)
	at org.jetbrains.kotlin.cli.jvm.K2JVMCompiler.doExecutePhased(K2JVMCompiler.kt:79)
	at org.jetbrains.kotlin.cli.jvm.K2JVMCompiler.doExecutePhased(K2JVMCompiler.kt:45)
	at org.jetbrains.kotlin.cli.common.CLICompiler.execImpl(CLICompiler.kt:90)
	at org.jetbrains.kotlin.cli.common.CLICompiler.exec(CLICompiler.kt:352)
	at org.jetbrains.kotlin.incremental.IncrementalJvmCompilerRunnerBase.runCompiler(IncrementalJvmCompilerRunnerBase.kt:176)
	at org.jetbrains.kotlin.incremental.IncrementalJvmCompilerRunnerBase.runCompiler(IncrementalJvmCompilerRunnerBase.kt:39)
	at org.jetbrains.kotlin.incremental.IncrementalCompilerRunner.doCompile(IncrementalCompilerRunner.kt:499)
	at org.jetbrains.kotlin.incremental.IncrementalCompilerRunner.compileImpl(IncrementalCompilerRunner.kt:416)
	at org.jetbrains.kotlin.incremental.IncrementalCompilerRunner.tryCompileIncrementally$lambda$0$compile(IncrementalCompilerRunner.kt:249)
	at org.jetbrains.kotlin.incremental.IncrementalCompilerRunner.tryCompileIncrementally(IncrementalCompilerRunner.kt:267)
	at org.jetbrains.kotlin.incremental.IncrementalCompilerRunner.compile(IncrementalCompilerRunner.kt:119)
	at org.jetbrains.kotlin.daemon.CompileServiceImplBase.execIncrementalCompiler(CompileServiceImpl.kt:684)
	at org.jetbrains.kotlin.daemon.CompileServiceImplBase.access$execIncrementalCompiler(CompileServiceImpl.kt:94)
	at org.jetbrains.kotlin.daemon.CompileServiceImpl.compile(CompileServiceImpl.kt:1810)
	at java.base/jdk.internal.reflect.DirectMethodHandleAccessor.invoke(Unknown Source)
	at java.base/java.lang.reflect.Method.invoke(Unknown Source)
	at java.rmi/sun.rmi.server.UnicastServerRef.dispatch(Unknown Source)
	at java.rmi/sun.rmi.transport.Transport$1.run(Unknown Source)
	at java.rmi/sun.rmi.transport.Transport$1.run(Unknown Source)
	at java.base/java.security.AccessController.doPrivileged(Unknown Source)
	at java.rmi/sun.rmi.transport.Transport.serviceCall(Unknown Source)
	at java.rmi/sun.rmi.transport.tcp.TCPTransport.handleMessages(Unknown Source)
	at java.rmi/sun.rmi.transport.tcp.TCPTransport$ConnectionHandler.run0(Unknown Source)
	at java.rmi/sun.rmi.transport.tcp.TCPTransport$ConnectionHandler.lambda$run$0(Unknown Source)
	at java.base/java.security.AccessController.doPrivileged(Unknown Source)
	at java.rmi/sun.rmi.transport.tcp.TCPTransport$ConnectionHandler.run(Unknown Source)
	at java.base/java.util.concurrent.ThreadPoolExecutor.runWorker(Unknown Source)
	at java.base/java.util.concurrent.ThreadPoolExecutor$Worker.run(Unknown Source)
	at java.base/java.lang.Thread.run(Unknown Source)
Caused by: java.lang.IllegalArgumentException: Invalid class name (must not contain . ; [ < > or :): com/fsa_profgroep_4/vroomly/ui/screens/car/register/RegisterCarViewModel.kt
	at org.jetbrains.org.objectweb.asm.util.CheckSignatureAdapter.checkClassName(CheckSignatureAdapter.java:342)
	at org.jetbrains.org.objectweb.asm.util.CheckSignatureAdapter.visitClassType(CheckSignatureAdapter.java:284)
	at org.jetbrains.kotlin.codegen.signature.BothSignatureWriter.writeClassBegin(BothSignatureWriter.java:78)
	at org.jetbrains.kotlin.codegen.signature.JvmSignatureWriter.writeAsmType(JvmSignatureWriter.java:44)
	at org.jetbrains.kotlin.codegen.signature.BothSignatureWriter.writeAsmType(BothSignatureWriter.java:72)
	at org.jetbrains.kotlin.backend.jvm.mapping.IrTypeMapper.writeGenericType(IrTypeMapper.kt:157)
	at org.jetbrains.kotlin.backend.jvm.mapping.IrTypeMapper.writeGenericType(IrTypeMapper.kt:43)
	at org.jetbrains.kotlin.types.AbstractTypeMapper.mapClassType(AbstractTypeMapper.kt:206)
	at org.jetbrains.kotlin.types.AbstractTypeMapper.mapType(AbstractTypeMapper.kt:89)
	at org.jetbrains.kotlin.types.AbstractTypeMapper.mapType(AbstractTypeMapper.kt:53)
	at org.jetbrains.kotlin.backend.jvm.mapping.IrTypeMapper.mapType(IrTypeMapper.kt:147)
	at org.jetbrains.kotlin.backend.jvm.codegen.ClassCodegen$typeMapper$1.mapType(ClassCodegen.kt:95)
	at org.jetbrains.kotlin.backend.jvm.mapping.MethodSignatureMapper.writeParameterType(MethodSignatureMapper.kt:353)
	at org.jetbrains.kotlin.backend.jvm.mapping.MethodSignatureMapper.writeParameter(MethodSignatureMapper.kt:338)
	at org.jetbrains.kotlin.backend.jvm.mapping.MethodSignatureMapper.mapSignature(MethodSignatureMapper.kt:250)
	at org.jetbrains.kotlin.backend.jvm.mapping.MethodSignatureMapper.mapSignature$default(MethodSignatureMapper.kt:221)
	at org.jetbrains.kotlin.backend.jvm.mapping.MethodSignatureMapper.mapSignatureWithGeneric(MethodSignatureMapper.kt:219)
	at org.jetbrains.kotlin.backend.jvm.codegen.FunctionCodegen.doGenerate(FunctionCodegen.kt:57)
	at org.jetbrains.kotlin.backend.jvm.codegen.FunctionCodegen.generate(FunctionCodegen.kt:50)
	... 49 more


